<?xml version="1.0" encoding="UTF-8"?>
<!-- Generated by org.testng.reporters.JUnitReportReporter -->
<testsuite hostname="Kabilash-PC" failures="0" tests="3" name="TImesheetOperations.SelectDateandCreateTimeSheet" time="32.387" errors="0" timestamp="2023-05-13T18:55:51 IST" skipped="0">
  <testcase classname="TImesheetOperations.SelectDateandCreateTimeSheet" name="Choosedateautomatically" time="16.865"/>
  <system-out/>
  <testcase classname="TImesheetOperations.SelectDateandCreateTimeSheet" name="ChoosedateManually" time="9.008"/>
  <system-out/>
  <testcase classname="TImesheetOperations.SelectDateandCreateTimeSheet" name="CreateTimeSheet" time="6.514"/>
  <system-out/>
</testsuite> <!-- TImesheetOperations.SelectDateandCreateTimeSheet -->
