<?xml version="1.0" encoding="UTF-8"?>
<!-- Generated by org.testng.reporters.JUnitReportReporter -->
<testsuite hostname="Kabilash-PC" failures="0" tests="1" name="TImesheetOperations.FirstApproval8" time="36.219" errors="0" timestamp="2023-05-13T19:17:59 IST" skipped="0">
  <testcase classname="TImesheetOperations.FirstApproval8" name="TimeSheetAction1" time="36.219"/>
  <system-out/>
</testsuite> <!-- TImesheetOperations.FirstApproval8 -->
