<?xml version="1.0" encoding="UTF-8"?>
<!-- Generated by org.testng.reporters.JUnitReportReporter -->
<testsuite hostname="Kabilash-PC" failures="0" tests="1" name="TImesheetOperations.Project017" time="103.767" errors="0" timestamp="2023-05-13T19:12:00 IST" skipped="0">
  <testcase classname="TImesheetOperations.Project017" name="project1" time="103.767"/>
  <system-out/>
</testsuite> <!-- TImesheetOperations.Project017 -->
