<?xml version="1.0" encoding="UTF-8"?>
<!-- Generated by org.testng.reporters.JUnitReportReporter -->
<testsuite hostname="Kabilash-PC" failures="0" tests="1" name="TImesheetOperations.EditTimeSheet5" time="8.580" errors="0" timestamp="2023-05-13T18:57:12 IST" skipped="0">
  <testcase classname="TImesheetOperations.EditTimeSheet5" name="TimeSheetEdit" time="8.580"/>
  <system-out/>
</testsuite> <!-- TImesheetOperations.EditTimeSheet5 -->
