<?xml version="1.0" encoding="UTF-8"?>
<!-- Generated by org.testng.reporters.JUnitReportReporter -->
<testsuite hostname="Kabilash-PC" failures="0" tests="1" name="TImesheetOperations.CancelButton6" time="37.219" errors="0" timestamp="2023-05-13T19:00:36 IST" skipped="0">
  <testcase classname="TImesheetOperations.CancelButton6" name="CancelButton" time="37.219"/>
  <system-out/>
</testsuite> <!-- TImesheetOperations.CancelButton6 -->
