<?xml version="1.0" encoding="UTF-8"?>
<!-- Generated by org.testng.reporters.JUnitReportReporter -->
<testsuite hostname="Kabilash-PC" failures="0" tests="5" name="TestNGfunctions.OrangeHrmlogin" time="41.639" errors="0" timestamp="2023-05-09T10:00:24 IST" skipped="0">
  <testcase classname="TestNGfunctions.OrangeHrmlogin" name="Withoutlogins" time="5.558"/>
  <system-out/>
  <testcase classname="TestNGfunctions.OrangeHrmlogin" name="INVALIDUSERNAMElogin" time="7.735"/>
  <system-out/>
  <testcase classname="TestNGfunctions.OrangeHrmlogin" name="INVALIDpasswordlogin" time="9.056"/>
  <system-out/>
  <testcase classname="TestNGfunctions.OrangeHrmlogin" name="INVALIDlogin" time="10.487"/>
  <system-out/>
  <testcase classname="TestNGfunctions.OrangeHrmlogin" name="VALIDlogin" time="8.803"/>
  <system-out/>
</testsuite> <!-- TestNGfunctions.OrangeHrmlogin -->
