<?xml version="1.0" encoding="UTF-8"?>
<!-- Generated by org.testng.reporters.JUnitReportReporter -->
<testsuite hostname="Kabilash-PC" failures="0" tests="3" name="TImesheetOperations.Timemodulelogins" time="37.311" errors="0" timestamp="2023-05-13T18:53:30 IST" skipped="0">
  <testcase classname="TImesheetOperations.Timemodulelogins" name="TimeSheetandEmployeeNamelogin" time="13.023"/>
  <system-out/>
  <testcase classname="TImesheetOperations.Timemodulelogins" name="invalidEmployeename" time="19.801"/>
  <system-out/>
  <testcase classname="TImesheetOperations.Timemodulelogins" name="ClickViewbutton" time="4.487"/>
  <system-out/>
</testsuite> <!-- TImesheetOperations.Timemodulelogins -->
