<?xml version="1.0" encoding="UTF-8"?>
<!-- Generated by org.testng.reporters.JUnitReportReporter -->
<testsuite hostname="Kabilash-PC" failures="0" tests="1" name="TImesheetOperations.CheckDateBar" time="10.204" errors="0" timestamp="2023-05-13T18:54:30 IST" skipped="0">
  <testcase classname="TImesheetOperations.CheckDateBar" name="ClickDateButton" time="10.204"/>
  <system-out/>
</testsuite> <!-- TImesheetOperations.CheckDateBar -->
