<?xml version="1.0" encoding="UTF-8"?>
<!-- Generated by org.testng.reporters.JUnitReportReporter -->
<testsuite hostname="Kabilash-PC" failures="0" tests="2" name="TImesheetOperations.FinalApproval10" time="105.189" errors="0" timestamp="2023-05-13T19:30:14 IST" skipped="0">
  <testcase classname="TImesheetOperations.FinalApproval10" name="ResetAction2" time="68.881"/>
  <system-out/>
  <testcase classname="TImesheetOperations.FinalApproval10" name="TimeSheetAction3" time="36.308"/>
  <system-out/>
</testsuite> <!-- TImesheetOperations.FinalApproval10 -->
