<?xml version="1.0" encoding="UTF-8"?>
<!-- Generated by org.testng.reporters.JUnitReportReporter -->
<testsuite hostname="Kabilash-PC" failures="0" tests="1" name="TImesheetOperations.Timesheetlogins" time="7.266" errors="0" timestamp="2023-05-13T18:52:27 IST" skipped="0">
  <testcase classname="TImesheetOperations.Timesheetlogins" name="OrangeHrmlogin" time="7.266"/>
  <system-out/>
</testsuite> <!-- TImesheetOperations.Timesheetlogins -->
