<?xml version="1.0" encoding="UTF-8"?>
<!-- Generated by org.testng.reporters.JUnitReportReporter -->
<testsuite hostname="Kabilash-PC" failures="0" tests="3" name="TestNGfunctions.ToggleButtonFunction" time="14.083" errors="0" timestamp="2023-05-09T10:02:18 IST" skipped="0">
  <testcase classname="TestNGfunctions.ToggleButtonFunction" name="OrangeHrmlogin" time="5.919"/>
  <system-out/>
  <testcase classname="TestNGfunctions.ToggleButtonFunction" name="ToggleButton" time="3.066"/>
  <system-out/>
  <testcase classname="TestNGfunctions.ToggleButtonFunction" name="ToggleButtonreverse" time="5.098"/>
  <system-out/>
</testsuite> <!-- TestNGfunctions.ToggleButtonFunction -->
