<?xml version="1.0" encoding="UTF-8"?>
<!-- Generated by org.testng.reporters.JUnitReportReporter -->
<testsuite hostname="Kabilash-PC" failures="0" tests="2" name="TImesheetOperations.SecondApproval9" time="107.344" errors="0" timestamp="2023-05-13T19:23:10 IST" skipped="0">
  <testcase classname="TImesheetOperations.SecondApproval9" name="ResetAction1" time="65.137"/>
  <system-out/>
  <testcase classname="TImesheetOperations.SecondApproval9" name="TimeSheetAction2" time="42.207"/>
  <system-out/>
</testsuite> <!-- TImesheetOperations.SecondApproval9 -->
